install: creating directory '/build/g-i3/pkg/g-i3/usr'
install: creating directory '/build/g-i3/pkg/g-i3/usr/bin'
'gi3Theme' -> '/build/g-i3/pkg/g-i3/usr/bin/gi3Theme'

   >>   Skel files...   <<

install: creating directory '/build/g-i3/pkg/g-i3/etc'
install: creating directory '/build/g-i3/pkg/g-i3/etc/skel'
'skel.tar' -> '/build/g-i3/pkg/g-i3/etc/skel/skel.tar'
./
./.config/
./.config/picom/
./.config/picom/picom.conf
./.config/kitty/
./.config/kitty/kitty.conf
./.config/i3/
./.config/i3/config
./.config/i3/i3status.conf
./.config/rofi/
./.config/rofi/config.rasi
removed '/build/g-i3/pkg/g-i3/etc/skel/skel.tar'

   >>   End of file installation   <<

