
   >>   Config  files...   <<

install: creating directory '/build/g-ad/pkg/g-ad/etc'
'krb5.conf' -> '/build/g-ad/pkg/g-ad/etc/krb5.conf'
'nsswitch.conf' -> '/build/g-ad/pkg/g-ad/etc/nsswitch.conf'
install: creating directory '/build/g-ad/pkg/g-ad/etc/samba'
'smb.conf' -> '/build/g-ad/pkg/g-ad/etc/samba/smb.conf'
install: creating directory '/build/g-ad/pkg/g-ad/etc/sshd'
'sshd_config' -> '/build/g-ad/pkg/g-ad/etc/sshd/sshd_config'
install: creating directory '/build/g-ad/pkg/g-ad/etc/security'
'pam_winbind.conf' -> '/build/g-ad/pkg/g-ad/etc/security/pam_winbind.conf'
install: creating directory '/build/g-ad/pkg/g-ad/usr'
install: creating directory '/build/g-ad/pkg/g-ad/usr/bin'
'gLoginAD' -> '/build/g-ad/pkg/g-ad/usr/bin/gLoginAD'
install: creating directory '/build/g-ad/pkg/g-ad/etc/pam.d'
'system-auth' -> '/build/g-ad/pkg/g-ad/etc/pam.d/system-auth'
'su' -> '/build/g-ad/pkg/g-ad/etc/pam.d/su'
install: creating directory '/build/g-ad/pkg/g-ad/etc/NetworkManager'
install: creating directory '/build/g-ad/pkg/g-ad/etc/NetworkManager/conf.d'
'no-systemd-resolved.conf' -> '/build/g-ad/pkg/g-ad/etc/NetworkManager/conf.d/no-systemd-resolved.conf'

   >>   End of file installation   <<

