
   >>   Config  files...   <<

install: creating directory '/build/g-plasma/pkg/g-plasma/etc'
install: creating directory '/build/g-plasma/pkg/g-plasma/etc/xdg'
'kdeglobals' -> '/build/g-plasma/pkg/g-plasma/etc/xdg/kdeglobals'

   >>   Skel files...   <<

install: creating directory '/build/g-plasma/pkg/g-plasma/etc/skel'
'skel.tar' -> '/build/g-plasma/pkg/g-plasma/etc/skel/skel.tar'
./
./.config/
./.config/kscreenlockerrc
./.config/autostart/
./.config/autostart/goylinWelcome.desktop
./.config/autostart/flameshot.desktop
./.config/kdedefaults/
./.config/kdedefaults/kscreenlockerrc
./.config/kdedefaults/kdeglobals
./.config/kdedefaults/package
./.config/kdedefaults/kwinrc
./.config/kdedefaults/ksplashrc
./.config/kdedefaults/plasmarc
./.config/kdedefaults/kcminputrc
./.config/mimeapps.list
./.config/kded5rc
./.config/kaccessrc
./.config/xsettingsd/
./.config/xsettingsd/xsettingsd.conf
./.config/kwinrc
./.config/ktrashrc
./.config/kwalletrc
./.config/plasma-org.kde.plasma.desktop-appletsrc
./.config/kglobalshortcutsrc
./.config/krunnerrc
./.config/ksmserverrc
./.config/kded_device_automounterrc
./.config/kactivitymanagerd-pluginsrc
./.config/powermanagementprofilesrc
./.config/dolphinrc
./.config/powerdevilrc
./.config/kiorc
./.config/plasma-localerc
./.config/kservicemenurc
removed '/build/g-plasma/pkg/g-plasma/etc/skel/skel.tar'

   >>   Plasma theme...   <<

install: creating directory '/build/g-plasma/pkg/g-plasma/usr'
install: creating directory '/build/g-plasma/pkg/g-plasma/usr/share'
install: creating directory '/build/g-plasma/pkg/g-plasma/usr/share/plasma'
install: creating directory '/build/g-plasma/pkg/g-plasma/usr/share/plasma/look-and-feel'
install: creating directory '/build/g-plasma/pkg/g-plasma/usr/share/plasma/look-and-feel/goylin-dark.desktop'
'goylin-dark.desktop.tar' -> '/build/g-plasma/pkg/g-plasma/usr/share/plasma/look-and-feel/goylin-dark.desktop/goylin-dark.desktop.tar'
./
./contents/
./contents/defaults
./contents/layouts/
./contents/layouts/org.kde.plasma.desktop-layout.js
./contents/splash/
./contents/splash/images/
./contents/splash/images/rectangle.svg
./contents/splash/Splash.qml
./metadata.desktop
removed '/build/g-plasma/pkg/g-plasma/usr/share/plasma/look-and-feel/goylin-dark.desktop/goylin-dark.desktop.tar'

   >>   End of file installation   <<

