
   >>   Skel files...   <<

install: creating directory '/build/gapp-image/pkg/gapp-image/etc'
install: creating directory '/build/gapp-image/pkg/gapp-image/etc/skel'
'skel.tar' -> '/build/gapp-image/pkg/gapp-image/etc/skel/skel.tar'
./
./.config/
./.config/kritarc
./.config/inkscape/
./.config/inkscape/dialogs-state-ex.ini
./.config/inkscape/preferences.xml
./.config/darktable/
./.config/darktable/darktablerc
./.config/darktable/shortcutsrc
./.config/kritadisplayrc
./.config/GIMP/
./.config/GIMP/2.10/
./.config/GIMP/2.10/templaterc
./.config/GIMP/2.10/tags.xml
./.config/GIMP/2.10/themerc
./.config/GIMP/2.10/controllerrc
./.config/GIMP/2.10/colorrc
./.config/GIMP/2.10/tool-options/
./.config/GIMP/2.10/tool-options/gimp-offset-tool
./.config/GIMP/2.10/tool-options/gimp-brightness-contrast-tool
./.config/GIMP/2.10/tool-options/gimp-iscissors-tool
./.config/GIMP/2.10/tool-options/gimp-convolve-tool
./.config/GIMP/2.10/tool-options/gimp-paintbrush-tool
./.config/GIMP/2.10/tool-options/gimp-shear-tool
./.config/GIMP/2.10/tool-options/gimp-dodge-burn-tool
./.config/GIMP/2.10/tool-options/gimp-ellipse-select-tool
./.config/GIMP/2.10/tool-options/gimp-by-color-select-tool
./.config/GIMP/2.10/tool-options/gimp-gradient-tool
./.config/GIMP/2.10/tool-options/gimp-unified-transform-tool
./.config/GIMP/2.10/tool-options/gimp-bucket-fill-tool
./.config/GIMP/2.10/tool-options/gimp-operation-tool
./.config/GIMP/2.10/tool-options/gimp-curves-tool
./.config/GIMP/2.10/tool-options/gimp-handle-transform-tool
./.config/GIMP/2.10/tool-options/gimp-rotate-tool
./.config/GIMP/2.10/tool-options/gimp-free-select-tool
./.config/GIMP/2.10/tool-options/gimp-warp-tool
./.config/GIMP/2.10/tool-options/gimp-perspective-tool
./.config/GIMP/2.10/tool-options/gimp-threshold-tool
./.config/GIMP/2.10/tool-options/gimp-move-tool
./.config/GIMP/2.10/tool-options/gimp-heal-tool
./.config/GIMP/2.10/tool-options/gimp-scale-tool
./.config/GIMP/2.10/tool-options/gimp-flip-tool
./.config/GIMP/2.10/tool-options/gimp-zoom-tool
./.config/GIMP/2.10/tool-options/gimp-fuzzy-select-tool
./.config/GIMP/2.10/tool-options/gimp-smudge-tool
./.config/GIMP/2.10/tool-options/gimp-crop-tool
./.config/GIMP/2.10/tool-options/gimp-clone-tool
./.config/GIMP/2.10/tool-options/gimp-airbrush-tool
./.config/GIMP/2.10/tool-options/gimp-mypaint-brush-tool
./.config/GIMP/2.10/tool-options/gimp-gegl-tool
./.config/GIMP/2.10/tool-options/gimp-measure-tool
./.config/GIMP/2.10/tool-options/gimp-pencil-tool
./.config/GIMP/2.10/tool-options/gimp-vector-tool
./.config/GIMP/2.10/tool-options/gimp-color-picker-tool
./.config/GIMP/2.10/tool-options/gimp-text-tool
./.config/GIMP/2.10/tool-options/gimp-rect-select-tool
./.config/GIMP/2.10/tool-options/gimp-transform-3d-tool
./.config/GIMP/2.10/tool-options/gimp-levels-tool
./.config/GIMP/2.10/tool-options/gimp-eraser-tool
./.config/GIMP/2.10/tool-options/gimp-ink-tool
./.config/GIMP/2.10/tool-options/gimp-perspective-clone-tool
./.config/GIMP/2.10/tool-options/gimp-cage-tool
./.config/GIMP/2.10/tool-options/gimp-foreground-select-tool
./.config/GIMP/2.10/tool-options/gimp-align-tool
./.config/GIMP/2.10/menurc
./.config/GIMP/2.10/unitrc
./.config/GIMP/2.10/action-history
./.config/GIMP/2.10/toolrc
./.config/GIMP/2.10/pluginrc
./.config/GIMP/2.10/devicerc
./.config/GIMP/2.10/contextrc
./.config/GIMP/2.10/sessionrc
./.config/GIMP/2.10/gimprc
removed '/build/gapp-image/pkg/gapp-image/etc/skel/skel.tar'

   >>   End of file installation   <<

