
   >>   Skel files...   <<

install: creating directory '/build/gapp-geo/pkg/gapp-geo/etc'
install: creating directory '/build/gapp-geo/pkg/gapp-geo/etc/skel'
'skel.tar' -> '/build/gapp-geo/pkg/gapp-geo/etc/skel/skel.tar'
./
./.local/
./.local/share/
./.local/share/QGIS/
./.local/share/QGIS/QGIS3/
./.local/share/QGIS/QGIS3/profiles/
./.local/share/QGIS/QGIS3/profiles/default/
./.local/share/QGIS/QGIS3/profiles/default/project_templates/
./.local/share/QGIS/QGIS3/profiles/default/QGIS/
./.local/share/QGIS/QGIS3/profiles/default/QGIS/QGIS3.ini
./.local/share/QGIS/QGIS3/profiles/default/gdal_pam/
./.local/share/QGIS/QGIS3/profiles/default/processing/
./.local/share/QGIS/QGIS3/profiles/default/processing/models/
./.local/share/QGIS/QGIS3/profiles/default/processing/outputs/
./.local/share/QGIS/QGIS3/profiles/default/processing/scripts/
./.local/share/QGIS/QGIS3/profiles/default/processing/grassaddons/
./.local/share/QGIS/QGIS3/profiles/default/processing/grassaddons/description/
./.local/share/QGIS/QGIS3/profiles/default/qgis.db
./.local/share/QGIS/QGIS3/profiles/default/qgis-auth.db
./.local/share/QGIS/QGIS3/profiles/default/python/
./.local/share/QGIS/QGIS3/profiles/default/python/plugins/
./.local/share/QGIS/QGIS3/profiles/default/python/plugins/mapbiomascollection/
./.local/share/QGIS/QGIS3/profiles/default/python/plugins/mapbiomascollection/__pycache__/
./.local/share/QGIS/QGIS3/profiles/default/python/plugins/mapbiomascollection/__pycache__/mapbiomascollection.cpython-311.pyc
./.local/share/QGIS/QGIS3/profiles/default/python/plugins/mapbiomascollection/__pycache__/__init__.cpython-311.pyc
./.local/share/QGIS/QGIS3/profiles/default/python/plugins/mapbiomascollection/LICENSE
./.local/share/QGIS/QGIS3/profiles/default/python/plugins/mapbiomascollection/mapbiomas.svg
./.local/share/QGIS/QGIS3/profiles/default/python/plugins/mapbiomascollection/metadata.txt
./.local/share/QGIS/QGIS3/profiles/default/python/plugins/mapbiomascollection/mapbiomascollection.py
./.local/share/QGIS/QGIS3/profiles/default/python/plugins/mapbiomascollection/__init__.py
./.local/share/QGIS/QGIS3/profiles/default/python/expressions/
./.local/share/QGIS/QGIS3/profiles/default/python/expressions/__pycache__/
./.local/share/QGIS/QGIS3/profiles/default/python/expressions/__pycache__/__init__.cpython-311.pyc
./.local/share/QGIS/QGIS3/profiles/default/python/expressions/__init__.py
./.local/share/QGIS/QGIS3/profiles/default/bookmarks.xml
./.local/share/QGIS/QGIS3/profiles/default/previewImages/
./.local/share/QGIS/QGIS3/profiles/default/user-history.db
./.local/share/QGIS/QGIS3/profiles/default/themes/
./.local/share/QGIS/QGIS3/profiles/default/oauth2-cache/
./.local/share/QGIS/QGIS3/profiles/default/symbology-style.db
./.local/share/QGIS/QGIS3/profiles/default/palettes/
./.local/share/QGIS/QGIS3/profiles/default/fonts/
./.local/share/QGIS/QGIS3/profiles/default/fonts/OpenSans-SemiBoldItalic.ttf
./.local/share/QGIS/QGIS3/profiles/default/fonts/OpenSans_SemiCondensed-SemiBold.ttf
./.local/share/QGIS/QGIS3/profiles/default/fonts/OpenSans_SemiCondensed-MediumItalic.ttf
./.local/share/QGIS/QGIS3/profiles/default/fonts/OpenSans_Condensed-SemiBold.ttf
./.local/share/QGIS/QGIS3/profiles/default/fonts/OpenSans_Condensed-Italic.ttf
./.local/share/QGIS/QGIS3/profiles/default/fonts/OpenSans-LightItalic.ttf
./.local/share/QGIS/QGIS3/profiles/default/fonts/OpenSans_SemiCondensed-SemiBoldItalic.ttf
./.local/share/QGIS/QGIS3/profiles/default/fonts/OpenSans_Condensed-ExtraBold.ttf
./.local/share/QGIS/QGIS3/profiles/default/fonts/OpenSans_Condensed-LightItalic.ttf
./.local/share/QGIS/QGIS3/profiles/default/fonts/OpenSans_SemiCondensed-Italic.ttf
./.local/share/QGIS/QGIS3/profiles/default/fonts/OpenSans_Condensed-SemiBoldItalic.ttf
./.local/share/QGIS/QGIS3/profiles/default/fonts/OpenSans-SemiBold.ttf
./.local/share/QGIS/QGIS3/profiles/default/fonts/OpenSans-Italic-VariableFont_wdth,wght.ttf
./.local/share/QGIS/QGIS3/profiles/default/fonts/OpenSans-Italic.ttf
./.local/share/QGIS/QGIS3/profiles/default/fonts/OpenSans_SemiCondensed-Bold.ttf
./.local/share/QGIS/QGIS3/profiles/default/fonts/OpenSans_SemiCondensed-Regular.ttf
./.local/share/QGIS/QGIS3/profiles/default/fonts/OpenSans-Bold.ttf
./.local/share/QGIS/QGIS3/profiles/default/fonts/OpenSans_SemiCondensed-LightItalic.ttf
./.local/share/QGIS/QGIS3/profiles/default/fonts/OpenSans_Condensed-Medium.ttf
./.local/share/QGIS/QGIS3/profiles/default/fonts/OpenSans_Condensed-Light.ttf
./.local/share/QGIS/QGIS3/profiles/default/fonts/OpenSans-Medium.ttf
./.local/share/QGIS/QGIS3/profiles/default/fonts/OpenSans-MediumItalic.ttf
./.local/share/QGIS/QGIS3/profiles/default/fonts/OpenSans-ExtraBoldItalic.ttf
./.local/share/QGIS/QGIS3/profiles/default/fonts/OpenSans_Condensed-Bold.ttf
./.local/share/QGIS/QGIS3/profiles/default/fonts/OpenSans-VariableFont_wdth,wght.ttf
./.local/share/QGIS/QGIS3/profiles/default/fonts/OpenSans_SemiCondensed-Light.ttf
./.local/share/QGIS/QGIS3/profiles/default/fonts/OpenSans_Condensed-ExtraBoldItalic.ttf
./.local/share/QGIS/QGIS3/profiles/default/fonts/OpenSans_SemiCondensed-BoldItalic.ttf
./.local/share/QGIS/QGIS3/profiles/default/fonts/OpenSans-Light.ttf
./.local/share/QGIS/QGIS3/profiles/default/fonts/OpenSans_Condensed-MediumItalic.ttf
./.local/share/QGIS/QGIS3/profiles/default/fonts/OpenSans_Condensed-Regular.ttf
./.local/share/QGIS/QGIS3/profiles/default/fonts/OpenSans_Condensed-BoldItalic.ttf
./.local/share/QGIS/QGIS3/profiles/default/fonts/OpenSans-ExtraBold.ttf
./.local/share/QGIS/QGIS3/profiles/default/fonts/OpenSans-Regular.ttf
./.local/share/QGIS/QGIS3/profiles/default/fonts/OpenSans-BoldItalic.ttf
./.local/share/QGIS/QGIS3/profiles/default/fonts/OpenSans_SemiCondensed-ExtraBoldItalic.ttf
./.local/share/QGIS/QGIS3/profiles/default/fonts/OpenSans_SemiCondensed-Medium.ttf
./.local/share/QGIS/QGIS3/profiles/default/fonts/OpenSans_SemiCondensed-ExtraBold.ttf
./.local/share/QGIS/QGIS3/profiles/profiles.ini
removed '/build/gapp-geo/pkg/gapp-geo/etc/skel/skel.tar'

   >>   End of file installation   <<

